  3rd.cpp
C:\Users\User\Desktop\mygit\MCM\1st-isingmodel\3rd.cpp(55,28): warning C4244: '인수': '_Ty'에서 'const unsigned int'(으)로 변환하면서 데이터가 손실될 수 있습니다.
          with
          [
              _Ty=double
          ]
C:\Users\User\Desktop\mygit\MCM\1st-isingmodel\3rd.cpp(55,42): warning C4244: '인수': '_Ty'에서 'const unsigned int'(으)로 변환하면서 데이터가 손실될 수 있습니다.
          with
          [
              _Ty=double
          ]
C:\Users\User\Desktop\mygit\MCM\1st-isingmodel\3rd.cpp(61,34): warning C4244: '인수': '_Ty'에서 'const unsigned int'(으)로 변환하면서 데이터가 손실될 수 있습니다.
          with
          [
              _Ty=double
          ]
C:\Users\User\Desktop\mygit\MCM\1st-isingmodel\3rd.cpp(61,48): warning C4244: '인수': '_Ty'에서 'const unsigned int'(으)로 변환하면서 데이터가 손실될 수 있습니다.
          with
          [
              _Ty=double
          ]
C:\Users\User\Desktop\mygit\MCM\1st-isingmodel\3rd.cpp(61,62): warning C4244: '인수': '_Ty'에서 'const unsigned int'(으)로 변환하면서 데이터가 손실될 수 있습니다.
          with
          [
              _Ty=double
          ]
C:\Users\User\Desktop\mygit\MCM\1st-isingmodel\3rd.cpp(61,76): warning C4244: '인수': '_Ty'에서 'const unsigned int'(으)로 변환하면서 데이터가 손실될 수 있습니다.
          with
          [
              _Ty=double
          ]
  1st-isingmodel.vcxproj -> C:\Users\User\Desktop\mygit\MCM\1st-isingmodel\Debug\1st-isingmodel.exe
